<?xml version="1.0" encoding="UTF-8"?>
<!-- Generated by org.testng.reporters.JUnitXMLReporter -->
<testsuite ignored="0" hostname="LAPTOP-LUP3JV7D" failures="0" tests="2" name="Default test" time="11.015" errors="0" timestamp="2020-09-27T11:42:57 IST">
  <testcase classname="com.caseStudy01.tests.GilletteTests" name="gilletteInvalidPasswordTest" time="6.485"/>
  <testcase classname="com.caseStudy01.tests.GilletteTests" name="gillettePositiveTest" time="1.891"/>
</testsuite> <!-- Default test -->
