<?xml version="1.0" encoding="UTF-8"?>
<!-- Generated by org.testng.reporters.JUnitXMLReporter -->
<testsuite ignored="1" hostname="LAPTOP-LUP3JV7D" failures="0" tests="2" name="Gillette Australia" time="31.345" errors="0" timestamp="2020-09-24T22:21:26 IST">
  <testcase classname="com.caseStudy01.tests.GilletteAustraliaTests" name="landingGilletteAustralia" time="28.725"/>
  <testcase classname="com.caseStudy01.tests.GilletteAustraliaTests" name="registerGilletteAustralia" time="1.514"/>
  <testcase classname="com.caseStudy01.tests.GilletteAustraliaTests" name="signInGilletteAustralia" time="0.0">
    <ignored/>
  </testcase> <!-- signInGilletteAustralia -->
</testsuite> <!-- Gillette Australia -->
