<?xml version="1.0" encoding="UTF-8"?>
<!-- Generated by org.testng.reporters.JUnitXMLReporter -->
<testsuite ignored="0" hostname="LAPTOP-LUP3JV7D" failures="0" tests="2" name="Gillette India" time="16.604" errors="0" timestamp="2020-09-27T21:39:46 IST">
  <testcase classname="com.caseStudy01.tests.GilletteTests" name="gilletteInvalidPasswordTest" time="11.855"/>
  <testcase classname="com.caseStudy01.tests.GilletteTests" name="gillettePositiveTest" time="3.316"/>
</testsuite> <!-- Gillette India -->
