<?xml version="1.0" encoding="UTF-8"?>
<!-- Generated by org.testng.reporters.JUnitXMLReporter -->
<testsuite ignored="2" hostname="LAPTOP-LUP3JV7D" failures="0" tests="3" name="Registration Test" time="20.32" errors="0" timestamp="2020-09-22T00:56:40 IST">
  <testcase classname="com.caseStudy01.tests.RegistrationTests" name="registrationTest" time="16.663"/>
  <testcase classname="com.caseStudy01.tests.GilletteAustraliaTests" name="landing" time="0.0">
    <skipped/>
  </testcase> <!-- landing -->
  <testcase classname="com.caseStudy01.tests.GilletteAustraliaTests" name="signIn" time="0.001">
    <skipped/>
  </testcase> <!-- signIn -->
  <testcase classname="com.caseStudy01.tests.GilletteAustraliaTests" name="register" time="0.0">
    <ignored/>
  </testcase> <!-- register -->
  <testcase classname="com.caseStudy1.utils.Base" name="@BeforeTest setup" time="0.0">
    <ignored/>
  </testcase> <!-- @BeforeTest setup -->
</testsuite> <!-- Registration Test -->
