<?xml version="1.0" encoding="UTF-8"?>
<testng-results ignored="0" total="6" passed="6" failed="0" skipped="0">
  <reporter-output>
  </reporter-output>
  <suite started-at="2021-02-03T23:30:22 IST" name="Suite" finished-at="2021-02-03T23:31:53 IST" duration-ms="91277">
    <groups>
    </groups>
    <test started-at="2021-02-03T23:30:22 IST" name="Registration" finished-at="2021-02-03T23:30:51 IST" duration-ms="29080">
      <class name="com.caseStudy01.tests.RegistrationTests">
        <test-method is-config="true" signature="setup()[pri:0, instance:com.caseStudy01.tests.RegistrationTests@624a24f6]" started-at="2021-02-03T23:30:22 IST" name="setup" finished-at="2021-02-03T23:30:24 IST" duration-ms="2192" status="PASS">
          <reporter-output>
          </reporter-output>
        </test-method> <!-- setup -->
        <test-method signature="registrationTest(java.util.Map)[pri:0, instance:com.caseStudy01.tests.RegistrationTests@624a24f6]" started-at="2021-02-03T23:30:25 IST" name="registrationTest" data-provider="registration" finished-at="2021-02-03T23:30:51 IST" duration-ms="25663" status="PASS">
          <params>
            <param index="0">
              <value>
                <![CDATA[{firstname=Veeranaga, address=Address, gender=Male, languages=English,Hindi, serializeOption=Cross Browser Testing, country1=India, defaultOption=Extent Reports, lastname=Kandaraboina, country2=Australia, skills=Java, password=Password@123, phone=1234567890, hobbies=Cricket,Hockey,Movies, dob=5-May-96, confirmpassword=Password@123, email=veernag1@email.com}]]>
              </value>
            </param>
          </params>
          <reporter-output>
          </reporter-output>
        </test-method> <!-- registrationTest -->
      </class> <!-- com.caseStudy01.tests.RegistrationTests -->
    </test> <!-- Registration -->
    <test started-at="2021-02-03T23:30:51 IST" name="Window Handling" finished-at="2021-02-03T23:31:08 IST" duration-ms="16424">
      <class name="com.caseStudy01.tests.WindowHandlingTests">
        <test-method is-config="true" signature="setup()[pri:0, instance:com.caseStudy01.tests.WindowHandlingTests@3e84111a]" started-at="2021-02-03T23:30:51 IST" name="setup" finished-at="2021-02-03T23:30:51 IST" duration-ms="20" status="PASS">
          <reporter-output>
          </reporter-output>
        </test-method> <!-- setup -->
        <test-method signature="windowHandling(java.util.Map)[pri:0, instance:com.caseStudy01.tests.WindowHandlingTests@3e84111a]" started-at="2021-02-03T23:30:51 IST" name="windowHandling" data-provider="windowHandling" finished-at="2021-02-03T23:31:08 IST" duration-ms="16207" status="PASS">
          <params>
            <param index="0">
              <value>
                <![CDATA[{dateForDisabled=15/01/2022, seleniumText=Selenium automates browsers. That's it!, titles=SeleniumHQ Browser Automation,Index, dateForEnabled=14/11/1920}]]>
              </value>
            </param>
          </params>
          <reporter-output>
          </reporter-output>
        </test-method> <!-- windowHandling -->
      </class> <!-- com.caseStudy01.tests.WindowHandlingTests -->
    </test> <!-- Window Handling -->
    <test started-at="2021-02-03T23:31:08 IST" name="Alerts" finished-at="2021-02-03T23:31:15 IST" duration-ms="7343">
      <class name="com.caseStudy01.tests.AlertsTests">
        <test-method is-config="true" signature="setup()[pri:0, instance:com.caseStudy01.tests.AlertsTests@b174a73]" started-at="2021-02-03T23:31:08 IST" name="setup" finished-at="2021-02-03T23:31:08 IST" duration-ms="34" status="PASS">
          <reporter-output>
          </reporter-output>
        </test-method> <!-- setup -->
        <test-method signature="alerTest(java.util.Map)[pri:0, instance:com.caseStudy01.tests.AlertsTests@b174a73]" started-at="2021-02-03T23:31:08 IST" name="alerTest" data-provider="alertsData" finished-at="2021-02-03T23:31:15 IST" duration-ms="7136" status="PASS">
          <params>
            <param index="0">
              <value>
                <![CDATA[{nestedframetext=nestedframetext, singleframetext=singleframetext, alert2text=cancel, alert3name=veernag}]]>
              </value>
            </param>
          </params>
          <reporter-output>
          </reporter-output>
        </test-method> <!-- alerTest -->
      </class> <!-- com.caseStudy01.tests.AlertsTests -->
    </test> <!-- Alerts -->
    <test started-at="2021-02-03T23:31:15 IST" name="Frames" finished-at="2021-02-03T23:31:23 IST" duration-ms="7452">
      <class name="com.caseStudy01.tests.FramesTests">
        <test-method is-config="true" signature="setup()[pri:0, instance:com.caseStudy01.tests.FramesTests@45e22def]" started-at="2021-02-03T23:31:15 IST" name="setup" finished-at="2021-02-03T23:31:15 IST" duration-ms="29" status="PASS">
          <reporter-output>
          </reporter-output>
        </test-method> <!-- setup -->
        <test-method signature="framesTest(java.util.Map)[pri:0, instance:com.caseStudy01.tests.FramesTests@45e22def]" started-at="2021-02-03T23:31:15 IST" name="framesTest" data-provider="framesData" finished-at="2021-02-03T23:31:22 IST" duration-ms="7298" status="PASS">
          <params>
            <param index="0">
              <value>
                <![CDATA[{nestedframetext=nestedframetext, singleframetext=singleframetext, alert2text=cancel, alert3name=veernag}]]>
              </value>
            </param>
          </params>
          <reporter-output>
          </reporter-output>
        </test-method> <!-- framesTest -->
      </class> <!-- com.caseStudy01.tests.FramesTests -->
    </test> <!-- Frames -->
    <test started-at="2021-02-03T23:31:23 IST" name="Date Picker" finished-at="2021-02-03T23:31:48 IST" duration-ms="25737">
      <class name="com.caseStudy01.tests.DatePickerTests">
        <test-method is-config="true" signature="setup()[pri:0, instance:com.caseStudy01.tests.DatePickerTests@5a8cbffe]" started-at="2021-02-03T23:31:23 IST" name="setup" finished-at="2021-02-03T23:31:23 IST" duration-ms="24" status="PASS">
          <reporter-output>
          </reporter-output>
        </test-method> <!-- setup -->
        <test-method signature="dataPickerTest(java.util.Map)[pri:0, instance:com.caseStudy01.tests.DatePickerTests@5a8cbffe]" started-at="2021-02-03T23:31:23 IST" name="dataPickerTest" data-provider="dataPickerData" finished-at="2021-02-03T23:31:48 IST" duration-ms="25558" status="PASS">
          <params>
            <param index="0">
              <value>
                <![CDATA[{dateForDisabled=15/01/2022, seleniumText=Selenium automates browsers. That's it!, titles=SeleniumHQ Browser Automation,Index, dateForEnabled=14/11/1920}]]>
              </value>
            </param>
          </params>
          <reporter-output>
          </reporter-output>
        </test-method> <!-- dataPickerTest -->
      </class> <!-- com.caseStudy01.tests.DatePickerTests -->
    </test> <!-- Date Picker -->
    <test started-at="2021-02-03T23:31:48 IST" name="Gillette" finished-at="2021-02-03T23:31:48 IST" duration-ms="0">
    </test> <!-- Gillette -->
    <test started-at="2021-02-03T23:31:48 IST" name="Selectable" finished-at="2021-02-03T23:31:53 IST" duration-ms="4776">
      <class name="com.caseStudy01.tests.SelectableTests">
        <test-method is-config="true" signature="setup()[pri:0, instance:com.caseStudy01.tests.SelectableTests@5a82ebf8]" started-at="2021-02-03T23:31:48 IST" name="setup" finished-at="2021-02-03T23:31:48 IST" duration-ms="23" status="PASS">
          <reporter-output>
          </reporter-output>
        </test-method> <!-- setup -->
        <test-method signature="selectableTest(java.util.Map)[pri:0, instance:com.caseStudy01.tests.SelectableTests@5a82ebf8]" started-at="2021-02-03T23:31:48 IST" name="selectableTest" data-provider="selectableData" finished-at="2021-02-03T23:31:53 IST" duration-ms="4604" status="PASS">
          <params>
            <param index="0">
              <value>
                <![CDATA[{firstname=Veeranaga, address=Address, gender=Male, languages=English,Hindi, serializeOption=Cross Browser Testing, country1=India, defaultOption=Extent Reports, lastname=Kandaraboina, country2=Australia, skills=Java, password=Password@123, phone=1234567890, hobbies=Cricket,Hockey,Movies, dob=5-May-96, confirmpassword=Password@123, email=veernag1@email.com}]]>
              </value>
            </param>
          </params>
          <reporter-output>
          </reporter-output>
        </test-method> <!-- selectableTest -->
        <test-method is-config="true" signature="tearDown()[pri:0, instance:com.caseStudy01.tests.SelectableTests@5a82ebf8]" started-at="2021-02-03T23:31:53 IST" name="tearDown" finished-at="2021-02-03T23:31:54 IST" duration-ms="772" status="PASS">
          <reporter-output>
          </reporter-output>
        </test-method> <!-- tearDown -->
      </class> <!-- com.caseStudy01.tests.SelectableTests -->
    </test> <!-- Selectable -->
  </suite> <!-- Suite -->
</testng-results>
