<?xml version="1.0" encoding="UTF-8"?>
<testng-results ignored="0" total="1" passed="1" failed="0" skipped="0">
  <reporter-output>
  </reporter-output>
  <suite started-at="2020-10-01T13:13:53 IST" name="Suite" finished-at="2020-10-01T13:14:13 IST" duration-ms="20380">
    <groups>
    </groups>
    <test started-at="2020-10-01T13:13:53 IST" name="Registration" finished-at="2020-10-01T13:13:53 IST" duration-ms="16">
    </test> <!-- Registration -->
    <test started-at="2020-10-01T13:13:54 IST" name="Window Handling" finished-at="2020-10-01T13:13:54 IST" duration-ms="2">
    </test> <!-- Window Handling -->
    <test started-at="2020-10-01T13:13:54 IST" name="Alerts" finished-at="2020-10-01T13:13:54 IST" duration-ms="2">
    </test> <!-- Alerts -->
    <test started-at="2020-10-01T13:13:54 IST" name="Frames" finished-at="2020-10-01T13:13:54 IST" duration-ms="1">
    </test> <!-- Frames -->
    <test started-at="2020-10-01T13:13:54 IST" name="Date Picker" finished-at="2020-10-01T13:14:13 IST" duration-ms="19367">
      <class name="com.caseStudy01.tests.DatePickerTests">
        <test-method is-config="true" signature="setup()[pri:0, instance:com.caseStudy01.tests.DatePickerTests@46731692]" started-at="2020-10-01T13:13:54 IST" name="setup" finished-at="2020-10-01T13:13:56 IST" duration-ms="2176" status="PASS">
          <reporter-output>
          </reporter-output>
        </test-method> <!-- setup -->
        <test-method signature="dataPickerTest(java.util.Map)[pri:0, instance:com.caseStudy01.tests.DatePickerTests@46731692]" started-at="2020-10-01T13:13:58 IST" name="dataPickerTest" data-provider="dataPickerData" finished-at="2020-10-01T13:14:13 IST" duration-ms="15111" status="PASS">
          <params>
            <param index="0">
              <value>
                <![CDATA[{dateForDisabled=15/01/2022, seleniumText=Selenium automates browsers. That's it!, titles=SeleniumHQ Browser Automation,Index, dateForEnabled=14/11/1920}]]>
              </value>
            </param>
          </params>
          <reporter-output>
          </reporter-output>
        </test-method> <!-- dataPickerTest -->
      </class> <!-- com.caseStudy01.tests.DatePickerTests -->
    </test> <!-- Date Picker -->
    <test started-at="2020-10-01T13:14:13 IST" name="Gillette" finished-at="2020-10-01T13:14:13 IST" duration-ms="1">
    </test> <!-- Gillette -->
    <test started-at="2020-10-01T13:14:13 IST" name="Selectable" finished-at="2020-10-01T13:14:13 IST" duration-ms="1">
      <class name="com.caseStudy01.tests.DatePickerTests">
        <test-method is-config="true" signature="tearDown()[pri:0, instance:com.caseStudy01.tests.DatePickerTests@46731692]" started-at="2020-10-01T13:14:13 IST" name="tearDown" finished-at="2020-10-01T13:14:14 IST" duration-ms="702" status="PASS">
          <reporter-output>
          </reporter-output>
        </test-method> <!-- tearDown -->
      </class> <!-- com.caseStudy01.tests.DatePickerTests -->
    </test> <!-- Selectable -->
  </suite> <!-- Suite -->
</testng-results>
